Reached position 1005
Reached position 2001
Reached position 3003
Reached position 4001
Reached position 5002
Reached position 6001
Reached position 7001
Reached position 8001
Reached position 9007
Reached position 10002
Reached position 11001
Reached position 12001
Reached position 13001
Reached position 14008
Reached position 15002
Reached position 16005
Reached position 17002
Reached position 18002
Reached position 19002
Reached position 20002
Reached position 21004
Reached position 22001
Reached position 23003
Reached position 24001
Reached position 25002
Reached position 26003
Reached position 27002
Reached position 28001
Reached position 29001
removed_variants= 0
removed_some_alt= 0
tot_removed_alleles= 0
tot_removed_genotypes= 0
