[E::idx_find_and_load] Could not retrieve index file for 'seqs/210419-SARS-CoV-2-NCBIVirusS-filters_50_100/msa/kl-ma_0.01/snp-sites/catalog.cleaned.vcf.gz'
Reached position 1005
Reached position 2001
Reached position 3001
Reached position 4002
Reached position 5003
Reached position 6003
Reached position 7001
Reached position 8001
Reached position 9007
Reached position 10002
Reached position 11001
Reached position 12004
Reached position 13004
Reached position 14008
Reached position 15006
Reached position 16011
Reached position 17002
Reached position 18002
Reached position 19003
Reached position 20002
Reached position 21004
Reached position 22001
Reached position 23005
Reached position 24007
Reached position 25001
Reached position 26006
Reached position 27002
Reached position 28001
Reached position 29004
removed_variants= 0
removed_some_alt= 0
tot_removed_alleles= 0
tot_removed_genotypes= 0
